<?xml version="1.0" encoding="UTF-8"?>
<testng-results skipped="0" failed="0" total="1" passed="1">
  <reporter-output>
  </reporter-output>
  <suite name="Tests" duration-ms="11245" started-at="2013-03-18T21:21:33Z" finished-at="2013-03-18T21:21:44Z">
    <groups>
    </groups>
    <test name="Test1" duration-ms="11245" started-at="2013-03-18T21:21:33Z" finished-at="2013-03-18T21:21:44Z">
      <class name="ru.st.LoginTest">
        <test-method status="PASS" signature="init()[pri:0, instance:ru.st.LoginTest@1bf2e9a]" name="init" is-config="true" duration-ms="7530" started-at="2013-03-19T01:21:33Z" finished-at="2013-03-19T01:21:41Z">
          <reporter-output>
          </reporter-output>
        </test-method> <!-- init -->
        <test-method status="PASS" signature="testLogin()[pri:0, instance:ru.st.LoginTest@1bf2e9a]" name="testLogin" duration-ms="3696" started-at="2013-03-19T01:21:41Z" finished-at="2013-03-19T01:21:44Z">
          <reporter-output>
          </reporter-output>
        </test-method> <!-- testLogin -->
        <test-method status="PASS" signature="tearDown()[pri:0, instance:ru.st.LoginTest@1bf2e9a]" name="tearDown" is-config="true" duration-ms="420" started-at="2013-03-19T01:21:44Z" finished-at="2013-03-19T01:21:45Z">
          <reporter-output>
          </reporter-output>
        </test-method> <!-- tearDown -->
      </class> <!-- ru.st.LoginTest -->
    </test> <!-- Test1 -->
  </suite> <!-- Tests -->
</testng-results>
