<?xml version="1.0" encoding="UTF-8"?>
<testng-results skipped="0" failed="0" total="2" passed="2">
  <reporter-output>
  </reporter-output>
  <suite name="Tests" duration-ms="48103" started-at="2013-03-24T19:09:11Z" finished-at="2013-03-24T19:09:59Z">
    <groups>
    </groups>
    <test name="Test1" duration-ms="48103" started-at="2013-03-24T19:09:11Z" finished-at="2013-03-24T19:09:59Z">
      <class name="ru.st.RemoveFilm">
        <test-method status="PASS" signature="init()[pri:0, instance:ru.st.RemoveFilm@b026a0]" name="init" is-config="true" duration-ms="28" started-at="2013-03-24T23:09:25Z" finished-at="2013-03-24T23:09:25Z">
          <reporter-output>
          </reporter-output>
        </test-method> <!-- init -->
        <test-method status="PASS" signature="testRemoveFilm()[pri:0, instance:ru.st.RemoveFilm@b026a0]" name="testRemoveFilm" duration-ms="34359" started-at="2013-03-24T23:09:25Z" finished-at="2013-03-24T23:09:59Z">
          <reporter-output>
          </reporter-output>
        </test-method> <!-- testRemoveFilm -->
      </class> <!-- ru.st.RemoveFilm -->
      <class name="ru.st.Login">
        <test-method status="PASS" signature="init()[pri:0, instance:ru.st.Login@167be7c]" name="init" is-config="true" duration-ms="8592" started-at="2013-03-24T23:09:11Z" finished-at="2013-03-24T23:09:20Z">
          <reporter-output>
          </reporter-output>
        </test-method> <!-- init -->
        <test-method status="PASS" signature="testLogin()[pri:0, instance:ru.st.Login@167be7c]" name="testLogin" duration-ms="5099" started-at="2013-03-24T23:09:20Z" finished-at="2013-03-24T23:09:25Z">
          <reporter-output>
          </reporter-output>
        </test-method> <!-- testLogin -->
        <test-method status="PASS" signature="tearDown()[pri:0, instance:ru.st.Login@167be7c]" name="tearDown" is-config="true" duration-ms="507" started-at="2013-03-24T23:09:59Z" finished-at="2013-03-24T23:10:00Z">
          <reporter-output>
          </reporter-output>
        </test-method> <!-- tearDown -->
      </class> <!-- ru.st.Login -->
    </test> <!-- Test1 -->
  </suite> <!-- Tests -->
</testng-results>
